{"C:\\Users\\LENOVO THINKPAD T430\\Desktop\\reservation-backend\\Clients\\Model.js": {"path":"C:\\Users\\LENOVO THINKPAD T430\\Desktop\\reservation-backend\\Clients\\Model.js","statementMap":{"0":{"start":{"line":1,"column":17},"end":{"line":1,"column":36}},"1":{"start":{"line":3,"column":21},"end":{"line":52,"column":2}},"2":{"start":{"line":54,"column":0},"end":{"line":54,"column":56}}},"fnMap":{},"branchMap":{},"s":{"0":1,"1":1,"2":1},"f":{},"b":{},"_coverageSchema":"43e27e138ebf9cfc5966b082cf9a028302ed4184","hash":"91498b10f8071ed51c5a6d03ba11ede2961bd2c1"}
,"C:\\Users\\LENOVO THINKPAD T430\\Desktop\\reservation-backend\\config\\database.js": {"path":"C:\\Users\\LENOVO THINKPAD T430\\Desktop\\reservation-backend\\config\\database.js","statementMap":{"0":{"start":{"line":1,"column":19},"end":{"line":3,"column":1}},"1":{"start":{"line":2,"column":4},"end":{"line":2,"column":24}},"2":{"start":{"line":5,"column":27},"end":{"line":5,"column":176}},"3":{"start":{"line":7,"column":28},"end":{"line":7,"column":171}}},"fnMap":{"0":{"name":"(anonymous_0)","decl":{"start":{"line":1,"column":19},"end":{"line":1,"column":20}},"loc":{"start":{"line":1,"column":32},"end":{"line":3,"column":1}},"line":1}},"branchMap":{},"s":{"0":1,"1":2,"2":1,"3":1},"f":{"0":2},"b":{},"_coverageSchema":"43e27e138ebf9cfc5966b082cf9a028302ed4184","hash":"7f279992cff9e905514f4eda0d9bdbf42902eb26"}
}
